[1m@storybook/core v8.5.1
[22m
info => Cleaning outputDir: [36m../../../../var/folders/sy/rx7rv8kd1cq6pyxsdf6d723m0000gn/T/chromatic--84804-VxnZSqT4AUKs[39m
info => Loading presets
info => Building manager..
info => Manager built ([38;2;181;126;229m155 ms[39m)
info => Building preview..
[36mvite v5.4.14 [32mbuilding for production...[36m[39m
Using existing cloned repo
[info] [paraglide] Compiling Messagesinto /Users/brian/Projects/portfolio_website/src/lib/paraglide/
transforming...
[32m✓[39m 3507 modules transformed.
rendering chunks...
computing gzip size...
[2m../../../../var/folders/sy/rx7rv8kd1cq6pyxsdf6d723m0000gn/T/chromatic--84804-VxnZSqT4AUKs/[22m[2massets/[22m[32mmysql-BupcTIue.svg                        [39m[1m[2m  4.19 kB[22m[1m[22m[2m │ gzip:   2.00 kB[22m
[2m../../../../var/folders/sy/rx7rv8kd1cq6pyxsdf6d723m0000gn/T/chromatic--84804-VxnZSqT4AUKs/[22m[2massets/[22m[32mcontext-C0qIqeS4.png                      [39m[1m[2m  6.12 kB[22m[1m[22m
[2m../../../../var/folders/sy/rx7rv8kd1cq6pyxsdf6d723m0000gn/T/chromatic--84804-VxnZSqT4AUKs/[22m[2massets/[22m[32mstyling-Bk6zjRzU.png                      [39m[1m[2m  7.24 kB[22m[1m[22m
[2m../../../../var/folders/sy/rx7rv8kd1cq6pyxsdf6d723m0000gn/T/chromatic--84804-VxnZSqT4AUKs/[22m[2massets/[22m[32mnest-DgPBIfwO.svg                         [39m[1m[2m  7.38 kB[22m[1m[22m[2m │ gzip:   2.98 kB[22m
[2m../../../../var/folders/sy/rx7rv8kd1cq6pyxsdf6d723m0000gn/T/chromatic--84804-VxnZSqT4AUKs/[22m[2massets/[22m[32mreact-BPBxK7QI.webp                       [39m[1m[2m 10.01 kB[22m[1m[22m
[2m../../../../var/folders/sy/rx7rv8kd1cq6pyxsdf6d723m0000gn/T/chromatic--84804-VxnZSqT4AUKs/[22m[32miframe.html                                      [39m[1m[2m 16.31 kB[22m[1m[22m[2m │ gzip:   4.44 kB[22m
[2m../../../../var/folders/sy/rx7rv8kd1cq6pyxsdf6d723m0000gn/T/chromatic--84804-VxnZSqT4AUKs/[22m[2massets/[22m[32mdocs---vsFbMi.png                         [39m[1m[2m 27.88 kB[22m[1m[22m
[2m../../../../var/folders/sy/rx7rv8kd1cq6pyxsdf6d723m0000gn/T/chromatic--84804-VxnZSqT4AUKs/[22m[2massets/[22m[32mshare-DGA-UcQf.png                        [39m[1m[2m 40.77 kB[22m[1m[22m
[2m../../../../var/folders/sy/rx7rv8kd1cq6pyxsdf6d723m0000gn/T/chromatic--84804-VxnZSqT4AUKs/[22m[2massets/[22m[32mfigma-plugin-CH2hELiO.png                 [39m[1m[2m 44.25 kB[22m[1m[22m
[2m../../../../var/folders/sy/rx7rv8kd1cq6pyxsdf6d723m0000gn/T/chromatic--84804-VxnZSqT4AUKs/[22m[2massets/[22m[32mtheming-D6WJLNoW.png                      [39m[1m[2m 44.37 kB[22m[1m[22m
[2m../../../../var/folders/sy/rx7rv8kd1cq6pyxsdf6d723m0000gn/T/chromatic--84804-VxnZSqT4AUKs/[22m[2massets/[22m[32mtesting-cbzR9l9r.png                      [39m[1m[2m 49.31 kB[22m[1m[22m
[2m../../../../var/folders/sy/rx7rv8kd1cq6pyxsdf6d723m0000gn/T/chromatic--84804-VxnZSqT4AUKs/[22m[2massets/[22m[32mhero-image-CeJ01oiM.webp                  [39m[1m[2m 60.61 kB[22m[1m[22m
[2m../../../../var/folders/sy/rx7rv8kd1cq6pyxsdf6d723m0000gn/T/chromatic--84804-VxnZSqT4AUKs/[22m[2massets/[22m[32mflags_responsive-DYfkSOkc.png             [39m[1m[2m 61.27 kB[22m[1m[22m
[2m../../../../var/folders/sy/rx7rv8kd1cq6pyxsdf6d723m0000gn/T/chromatic--84804-VxnZSqT4AUKs/[22m[2massets/[22m[32mfamily-DAQDKrVB.webp                      [39m[1m[2m 81.51 kB[22m[1m[22m
[2m../../../../var/folders/sy/rx7rv8kd1cq6pyxsdf6d723m0000gn/T/chromatic--84804-VxnZSqT4AUKs/[22m[2massets/[22m[35mSmoothScroll-BvkXbGwI.css                 [39m[1m[2m  0.10 kB[22m[1m[22m[2m │ gzip:   0.09 kB[22m
[2m../../../../var/folders/sy/rx7rv8kd1cq6pyxsdf6d723m0000gn/T/chromatic--84804-VxnZSqT4AUKs/[22m[2massets/[22m[35mBlockCode-CU4k9z4v.css                    [39m[1m[2m  1.82 kB[22m[1m[22m[2m │ gzip:   0.54 kB[22m
[2m../../../../var/folders/sy/rx7rv8kd1cq6pyxsdf6d723m0000gn/T/chromatic--84804-VxnZSqT4AUKs/[22m[2massets/[22m[35mWhatsApp-BNpobcUa.css                     [39m[1m[2m 10.27 kB[22m[1m[22m[2m │ gzip:   1.89 kB[22m
[2m../../../../var/folders/sy/rx7rv8kd1cq6pyxsdf6d723m0000gn/T/chromatic--84804-VxnZSqT4AUKs/[22m[2massets/[22m[35mpreview-Ya-33Y8d.css                      [39m[1m[2m 30.14 kB[22m[1m[22m[2m │ gzip:   5.91 kB[22m
[2m../../../../var/folders/sy/rx7rv8kd1cq6pyxsdf6d723m0000gn/T/chromatic--84804-VxnZSqT4AUKs/[22m[2massets/[22m[36mpreview-BvXIgM3P.js                       [39m[1m[2m  0.17 kB[22m[1m[22m[2m │ gzip:   0.16 kB[22m
[2m../../../../var/folders/sy/rx7rv8kd1cq6pyxsdf6d723m0000gn/T/chromatic--84804-VxnZSqT4AUKs/[22m[2massets/[22m[36mpreview-Zk6Lo_wo.js                       [39m[1m[2m  0.17 kB[22m[1m[22m[2m │ gzip:   0.15 kB[22m
[2m../../../../var/folders/sy/rx7rv8kd1cq6pyxsdf6d723m0000gn/T/chromatic--84804-VxnZSqT4AUKs/[22m[2massets/[22m[36mpreview-CrdC6PJZ.js                       [39m[1m[2m  0.21 kB[22m[1m[22m[2m │ gzip:   0.19 kB[22m
[2m../../../../var/folders/sy/rx7rv8kd1cq6pyxsdf6d723m0000gn/T/chromatic--84804-VxnZSqT4AUKs/[22m[2massets/[22m[36m_commonjsHelpers-Cpj98o6Y.js              [39m[1m[2m  0.24 kB[22m[1m[22m[2m │ gzip:   0.18 kB[22m
[2m../../../../var/folders/sy/rx7rv8kd1cq6pyxsdf6d723m0000gn/T/chromatic--84804-VxnZSqT4AUKs/[22m[2massets/[22m[36mclass-BhzPnwhT.js                         [39m[1m[2m  0.34 kB[22m[1m[22m[2m │ gzip:   0.21 kB[22m
[2m../../../../var/folders/sy/rx7rv8kd1cq6pyxsdf6d723m0000gn/T/chromatic--84804-VxnZSqT4AUKs/[22m[2massets/[22m[36mthis-BhDKq8nX.js                          [39m[1m[2m  0.36 kB[22m[1m[22m[2m │ gzip:   0.26 kB[22m
[2m../../../../var/folders/sy/rx7rv8kd1cq6pyxsdf6d723m0000gn/T/chromatic--84804-VxnZSqT4AUKs/[22m[2massets/[22m[36mindex-UfXHCN6R.js                         [39m[1m[2m  0.46 kB[22m[1m[22m[2m │ gzip:   0.30 kB[22m
[2m../../../../var/folders/sy/rx7rv8kd1cq6pyxsdf6d723m0000gn/T/chromatic--84804-VxnZSqT4AUKs/[22m[2massets/[22m[36mHeading2-YvYu5BGa.js                      [39m[1m[2m  0.48 kB[22m[1m[22m[2m │ gzip:   0.35 kB[22m
[2m../../../../var/folders/sy/rx7rv8kd1cq6pyxsdf6d723m0000gn/T/chromatic--84804-VxnZSqT4AUKs/[22m[2massets/[22m[36minput-7CkD5i5T.js                         [39m[1m[2m  0.60 kB[22m[1m[22m[2m │ gzip:   0.37 kB[22m
[2m../../../../var/folders/sy/rx7rv8kd1cq6pyxsdf6d723m0000gn/T/chromatic--84804-VxnZSqT4AUKs/[22m[2massets/[22m[36mChevronDown-DYP8P8np.js                   [39m[1m[2m  0.65 kB[22m[1m[22m[2m │ gzip:   0.44 kB[22m
[2m../../../../var/folders/sy/rx7rv8kd1cq6pyxsdf6d723m0000gn/T/chromatic--84804-VxnZSqT4AUKs/[22m[2massets/[22m[36mindex-client-CC_ApPMo.js                  [39m[1m[2m  0.66 kB[22m[1m[22m[2m │ gzip:   0.41 kB[22m
[2m../../../../var/folders/sy/rx7rv8kd1cq6pyxsdf6d723m0000gn/T/chromatic--84804-VxnZSqT4AUKs/[22m[2massets/[22m[36mpreview-DGUiP6tS.js                       [39m[1m[2m  0.71 kB[22m[1m[22m[2m │ gzip:   0.50 kB[22m
[2m../../../../var/folders/sy/rx7rv8kd1cq6pyxsdf6d723m0000gn/T/chromatic--84804-VxnZSqT4AUKs/[22m[2massets/[22m[36mpreview-W0Km8wNd.js                       [39m[1m[2m  0.77 kB[22m[1m[22m[2m │ gzip:   0.49 kB[22m
[2m../../../../var/folders/sy/rx7rv8kd1cq6pyxsdf6d723m0000gn/T/chromatic--84804-VxnZSqT4AUKs/[22m[2massets/[22m[36mindex-ogSvIofg.js                         [39m[1m[2m  0.77 kB[22m[1m[22m[2m │ gzip:   0.47 kB[22m
[2m../../../../var/folders/sy/rx7rv8kd1cq6pyxsdf6d723m0000gn/T/chromatic--84804-VxnZSqT4AUKs/[22m[2massets/[22m[36mv4-CtRu48qb.js                            [39m[1m[2m  0.81 kB[22m[1m[22m[2m │ gzip:   0.43 kB[22m
[2m../../../../var/folders/sy/rx7rv8kd1cq6pyxsdf6d723m0000gn/T/chromatic--84804-VxnZSqT4AUKs/[22m[2massets/[22m[36mNodeChart.stories-qFkGq2A2.js             [39m[1m[2m  0.84 kB[22m[1m[22m[2m │ gzip:   0.51 kB[22m
[2m../../../../var/folders/sy/rx7rv8kd1cq6pyxsdf6d723m0000gn/T/chromatic--84804-VxnZSqT4AUKs/[22m[2massets/[22m[36mLabel.stories-CLxUyIN_.js                 [39m[1m[2m  0.88 kB[22m[1m[22m[2m │ gzip:   0.54 kB[22m
[2m../../../../var/folders/sy/rx7rv8kd1cq6pyxsdf6d723m0000gn/T/chromatic--84804-VxnZSqT4AUKs/[22m[2massets/[22m[36mAnimationTranslation.stories-BzjGe8H9.js  [39m[1m[2m  0.99 kB[22m[1m[22m[2m │ gzip:   0.57 kB[22m
[2m../../../../var/folders/sy/rx7rv8kd1cq6pyxsdf6d723m0000gn/T/chromatic--84804-VxnZSqT4AUKs/[22m[2massets/[22m[36mTextArea.stories-BbPHrvHC.js              [39m[1m[2m  0.99 kB[22m[1m[22m[2m │ gzip:   0.61 kB[22m
[2m../../../../var/folders/sy/rx7rv8kd1cq6pyxsdf6d723m0000gn/T/chromatic--84804-VxnZSqT4AUKs/[22m[2massets/[22m[36mFrameworks.stories-BMzxknKQ.js            [39m[1m[2m  1.01 kB[22m[1m[22m[2m │ gzip:   0.59 kB[22m
[2m../../../../var/folders/sy/rx7rv8kd1cq6pyxsdf6d723m0000gn/T/chromatic--84804-VxnZSqT4AUKs/[22m[2massets/[22m[36mContactForm.stories-CZXhO6Al.js           [39m[1m[2m  1.04 kB[22m[1m[22m[2m │ gzip:   0.61 kB[22m
[2m../../../../var/folders/sy/rx7rv8kd1cq6pyxsdf6d723m0000gn/T/chromatic--84804-VxnZSqT4AUKs/[22m[2massets/[22m[36mBackendTechnology.stories-BLtQSeXm.js     [39m[1m[2m  1.05 kB[22m[1m[22m[2m │ gzip:   0.62 kB[22m
[2m../../../../var/folders/sy/rx7rv8kd1cq6pyxsdf6d723m0000gn/T/chromatic--84804-VxnZSqT4AUKs/[22m[2massets/[22m[36mHeading2.stories-BlnEXsBk.js              [39m[1m[2m  1.09 kB[22m[1m[22m[2m │ gzip:   0.66 kB[22m
[2m../../../../var/folders/sy/rx7rv8kd1cq6pyxsdf6d723m0000gn/T/chromatic--84804-VxnZSqT4AUKs/[22m[2massets/[22m[36mDataVisualization.stories-D2KQNvPO.js     [39m[1m[2m  1.10 kB[22m[1m[22m[2m │ gzip:   0.63 kB[22m
[2m../../../../var/folders/sy/rx7rv8kd1cq6pyxsdf6d723m0000gn/T/chromatic--84804-VxnZSqT4AUKs/[22m[2massets/[22m[36mButton.stories-Cokb2I7a.js                [39m[1m[2m  1.12 kB[22m[1m[22m[2m │ gzip:   0.67 kB[22m
[2m../../../../var/folders/sy/rx7rv8kd1cq6pyxsdf6d723m0000gn/T/chromatic--84804-VxnZSqT4AUKs/[22m[2massets/[22m[36mFrontendFrameworks.stories-BBk2KelB.js    [39m[1m[2m  1.13 kB[22m[1m[22m[2m │ gzip:   0.64 kB[22m
[2m../../../../var/folders/sy/rx7rv8kd1cq6pyxsdf6d723m0000gn/T/chromatic--84804-VxnZSqT4AUKs/[22m[2massets/[22m[36mWebArchitecture.stories-Bje_k4Hr.js       [39m[1m[2m  1.14 kB[22m[1m[22m[2m │ gzip:   0.65 kB[22m
[2m../../../../var/folders/sy/rx7rv8kd1cq6pyxsdf6d723m0000gn/T/chromatic--84804-VxnZSqT4AUKs/[22m[2massets/[22m[36mInteractionDesign.stories-Cwu2AiMs.js     [39m[1m[2m  1.15 kB[22m[1m[22m[2m │ gzip:   0.65 kB[22m
[2m../../../../var/folders/sy/rx7rv8kd1cq6pyxsdf6d723m0000gn/T/chromatic--84804-VxnZSqT4AUKs/[22m[2massets/[22m[36mLabel-BB-Jzxvt.js                         [39m[1m[2m  1.16 kB[22m[1m[22m[2m │ gzip:   0.57 kB[22m
[2m../../../../var/folders/sy/rx7rv8kd1cq6pyxsdf6d723m0000gn/T/chromatic--84804-VxnZSqT4AUKs/[22m[2massets/[22m[36mFooter.stories-E9yntCcW.js                [39m[1m[2m  1.23 kB[22m[1m[22m[2m │ gzip:   0.73 kB[22m
[2m../../../../var/folders/sy/rx7rv8kd1cq6pyxsdf6d723m0000gn/T/chromatic--84804-VxnZSqT4AUKs/[22m[2massets/[22m[36mTitle.stories-Dz8w9Ryb.js                 [39m[1m[2m  1.24 kB[22m[1m[22m[2m │ gzip:   0.63 kB[22m
[2m../../../../var/folders/sy/rx7rv8kd1cq6pyxsdf6d723m0000gn/T/chromatic--84804-VxnZSqT4AUKs/[22m[2massets/[22m[36mtypescript-C7vOKSvR.js                    [39m[1m[2m  1.24 kB[22m[1m[22m[2m │ gzip:   1.00 kB[22m
[2m../../../../var/folders/sy/rx7rv8kd1cq6pyxsdf6d723m0000gn/T/chromatic--84804-VxnZSqT4AUKs/[22m[2massets/[22m[36mDonutChart.stories-CGRzhCpg.js            [39m[1m[2m  1.31 kB[22m[1m[22m[2m │ gzip:   0.77 kB[22m
[2m../../../../var/folders/sy/rx7rv8kd1cq6pyxsdf6d723m0000gn/T/chromatic--84804-VxnZSqT4AUKs/[22m[2massets/[22m[36mInteractPixels.stories-BijdFciM.js        [39m[1m[2m  1.31 kB[22m[1m[22m[2m │ gzip:   0.69 kB[22m
[2m../../../../var/folders/sy/rx7rv8kd1cq6pyxsdf6d723m0000gn/T/chromatic--84804-VxnZSqT4AUKs/[22m[2massets/[22m[36mButton-Cq2q_Kxh.js                        [39m[1m[2m  1.39 kB[22m[1m[22m[2m │ gzip:   0.73 kB[22m
[2m../../../../var/folders/sy/rx7rv8kd1cq6pyxsdf6d723m0000gn/T/chromatic--84804-VxnZSqT4AUKs/[22m[2massets/[22m[36mTabs.stories-q1eL6Qc-.js                  [39m[1m[2m  1.40 kB[22m[1m[22m[2m │ gzip:   0.81 kB[22m
[2m../../../../var/folders/sy/rx7rv8kd1cq6pyxsdf6d723m0000gn/T/chromatic--84804-VxnZSqT4AUKs/[22m[2massets/[22m[36mCursor.stories-1PLQE-H6.js                [39m[1m[2m  1.53 kB[22m[1m[22m[2m │ gzip:   0.85 kB[22m
[2m../../../../var/folders/sy/rx7rv8kd1cq6pyxsdf6d723m0000gn/T/chromatic--84804-VxnZSqT4AUKs/[22m[2massets/[22m[36mTabs-D-C8lAaa.js                          [39m[1m[2m  1.56 kB[22m[1m[22m[2m │ gzip:   0.83 kB[22m
[2m../../../../var/folders/sy/rx7rv8kd1cq6pyxsdf6d723m0000gn/T/chromatic--84804-VxnZSqT4AUKs/[22m[2massets/[22m[36mDynamicInsland.stories-B9iavjDP.js        [39m[1m[2m  1.61 kB[22m[1m[22m[2m │ gzip:   0.87 kB[22m
[2m../../../../var/folders/sy/rx7rv8kd1cq6pyxsdf6d723m0000gn/T/chromatic--84804-VxnZSqT4AUKs/[22m[2massets/[22m[36mInteractionDesign-zzRxxfoZ.js             [39m[1m[2m  1.63 kB[22m[1m[22m[2m │ gzip:   0.97 kB[22m
[2m../../../../var/folders/sy/rx7rv8kd1cq6pyxsdf6d723m0000gn/T/chromatic--84804-VxnZSqT4AUKs/[22m[2massets/[22m[36mBlockCode.stories-CjJ4lF_D.js             [39m[1m[2m  1.70 kB[22m[1m[22m[2m │ gzip:   0.85 kB[22m
[2m../../../../var/folders/sy/rx7rv8kd1cq6pyxsdf6d723m0000gn/T/chromatic--84804-VxnZSqT4AUKs/[22m[2massets/[22m[36mAnimationTranslation-DLywZYe0.js          [39m[1m[2m  1.72 kB[22m[1m[22m[2m │ gzip:   0.65 kB[22m
[2m../../../../var/folders/sy/rx7rv8kd1cq6pyxsdf6d723m0000gn/T/chromatic--84804-VxnZSqT4AUKs/[22m[2massets/[22m[36mTitle-B_Km32UI.js                         [39m[1m[2m  1.72 kB[22m[1m[22m[2m │ gzip:   0.78 kB[22m
[2m../../../../var/folders/sy/rx7rv8kd1cq6pyxsdf6d723m0000gn/T/chromatic--84804-VxnZSqT4AUKs/[22m[2massets/[22m[36mPreloadSection.stories-CZfIj12U.js        [39m[1m[2m  1.89 kB[22m[1m[22m[2m │ gzip:   1.07 kB[22m
[2m../../../../var/folders/sy/rx7rv8kd1cq6pyxsdf6d723m0000gn/T/chromatic--84804-VxnZSqT4AUKs/[22m[2massets/[22m[36mFrontendFrameworks-2JyxmZ0Q.js            [39m[1m[2m  1.95 kB[22m[1m[22m[2m │ gzip:   1.14 kB[22m
[2m../../../../var/folders/sy/rx7rv8kd1cq6pyxsdf6d723m0000gn/T/chromatic--84804-VxnZSqT4AUKs/[22m[2massets/[22m[36mDocsRenderer-CFRXHY34-Jme6ZnWc.js         [39m[1m[2m  1.95 kB[22m[1m[22m[2m │ gzip:   0.99 kB[22m
[2m../../../../var/folders/sy/rx7rv8kd1cq6pyxsdf6d723m0000gn/T/chromatic--84804-VxnZSqT4AUKs/[22m[2massets/[22m[36mDataVisualization-OhQsVYhK.js             [39m[1m[2m  2.05 kB[22m[1m[22m[2m │ gzip:   1.18 kB[22m
[2m../../../../var/folders/sy/rx7rv8kd1cq6pyxsdf6d723m0000gn/T/chromatic--84804-VxnZSqT4AUKs/[22m[2massets/[22m[36mSelect.stories-CYCZAjuy.js                [39m[1m[2m  2.11 kB[22m[1m[22m[2m │ gzip:   1.02 kB[22m
[2m../../../../var/folders/sy/rx7rv8kd1cq6pyxsdf6d723m0000gn/T/chromatic--84804-VxnZSqT4AUKs/[22m[2massets/[22m[36mEmail-DfXuPydd.js                         [39m[1m[2m  2.12 kB[22m[1m[22m[2m │ gzip:   1.13 kB[22m
[2m../../../../var/folders/sy/rx7rv8kd1cq6pyxsdf6d723m0000gn/T/chromatic--84804-VxnZSqT4AUKs/[22m[2massets/[22m[36mHeroSection.stories-DDVgcQeT.js           [39m[1m[2m  2.26 kB[22m[1m[22m[2m │ gzip:   1.28 kB[22m
[2m../../../../var/folders/sy/rx7rv8kd1cq6pyxsdf6d723m0000gn/T/chromatic--84804-VxnZSqT4AUKs/[22m[2massets/[22m[36mInteractPixels-BYTXIktl.js                [39m[1m[2m  2.57 kB[22m[1m[22m[2m │ gzip:   1.38 kB[22m
[2m../../../../var/folders/sy/rx7rv8kd1cq6pyxsdf6d723m0000gn/T/chromatic--84804-VxnZSqT4AUKs/[22m[2massets/[22m[36mindex-Cu4lwwaE.js                         [39m[1m[2m  2.58 kB[22m[1m[22m[2m │ gzip:   1.26 kB[22m
[2m../../../../var/folders/sy/rx7rv8kd1cq6pyxsdf6d723m0000gn/T/chromatic--84804-VxnZSqT4AUKs/[22m[2massets/[22m[36mHeader.stories-CQS2IOFR.js                [39m[1m[2m  2.70 kB[22m[1m[22m[2m │ gzip:   1.38 kB[22m
[2m../../../../var/folders/sy/rx7rv8kd1cq6pyxsdf6d723m0000gn/T/chromatic--84804-VxnZSqT4AUKs/[22m[2massets/[22m[36mAboutMeSection.stories-Byu3dNjB.js        [39m[1m[2m  2.70 kB[22m[1m[22m[2m │ gzip:   1.50 kB[22m
[2m../../../../var/folders/sy/rx7rv8kd1cq6pyxsdf6d723m0000gn/T/chromatic--84804-VxnZSqT4AUKs/[22m[2massets/[22m[36mpreview-o1bKu3mL.js                       [39m[1m[2m  2.75 kB[22m[1m[22m[2m │ gzip:   1.38 kB[22m
[2m../../../../var/folders/sy/rx7rv8kd1cq6pyxsdf6d723m0000gn/T/chromatic--84804-VxnZSqT4AUKs/[22m[2massets/[22m[36mSkillsSection.stories-GE4g9PM-.js         [39m[1m[2m  2.89 kB[22m[1m[22m[2m │ gzip:   1.53 kB[22m
[2m../../../../var/folders/sy/rx7rv8kd1cq6pyxsdf6d723m0000gn/T/chromatic--84804-VxnZSqT4AUKs/[22m[2massets/[22m[36meach-DTIMDpHi.js                          [39m[1m[2m  2.93 kB[22m[1m[22m[2m │ gzip:   1.46 kB[22m
[2m../../../../var/folders/sy/rx7rv8kd1cq6pyxsdf6d723m0000gn/T/chromatic--84804-VxnZSqT4AUKs/[22m[2massets/[22m[36mInputText.stories-2tXH8gv5.js             [39m[1m[2m  3.21 kB[22m[1m[22m[2m │ gzip:   1.24 kB[22m
[2m../../../../var/folders/sy/rx7rv8kd1cq6pyxsdf6d723m0000gn/T/chromatic--84804-VxnZSqT4AUKs/[22m[2massets/[22m[36mentry-preview-docs-7YAfis3A.js            [39m[1m[2m  3.38 kB[22m[1m[22m[2m │ gzip:   1.61 kB[22m
[2m../../../../var/folders/sy/rx7rv8kd1cq6pyxsdf6d723m0000gn/T/chromatic--84804-VxnZSqT4AUKs/[22m[2massets/[22m[36mpreview-CMRMCM8c.js                       [39m[1m[2m  3.43 kB[22m[1m[22m[2m │ gzip:   1.75 kB[22m
[2m../../../../var/folders/sy/rx7rv8kd1cq6pyxsdf6d723m0000gn/T/chromatic--84804-VxnZSqT4AUKs/[22m[2massets/[22m[36mindex-BPAWq_qZ.js                         [39m[1m[2m  4.61 kB[22m[1m[22m[2m │ gzip:   2.21 kB[22m
[2m../../../../var/folders/sy/rx7rv8kd1cq6pyxsdf6d723m0000gn/T/chromatic--84804-VxnZSqT4AUKs/[22m[2massets/[22m[36mFullLogo--mlPluqf.js                      [39m[1m[2m  4.77 kB[22m[1m[22m[2m │ gzip:   2.09 kB[22m
[2m../../../../var/folders/sy/rx7rv8kd1cq6pyxsdf6d723m0000gn/T/chromatic--84804-VxnZSqT4AUKs/[22m[2massets/[22m[36mpreview-iUmqt_lp.js                       [39m[1m[2m  5.03 kB[22m[1m[22m[2m │ gzip:   1.86 kB[22m
[2m../../../../var/folders/sy/rx7rv8kd1cq6pyxsdf6d723m0000gn/T/chromatic--84804-VxnZSqT4AUKs/[22m[2massets/[22m[36mDynamicIsland-D0LlkNPb.js                 [39m[1m[2m  5.64 kB[22m[1m[22m[2m │ gzip:   2.49 kB[22m
[2m../../../../var/folders/sy/rx7rv8kd1cq6pyxsdf6d723m0000gn/T/chromatic--84804-VxnZSqT4AUKs/[22m[2massets/[22m[36mWebArchitecture-C7-_J-e0.js               [39m[1m[2m  6.34 kB[22m[1m[22m[2m │ gzip:   3.42 kB[22m
[2m../../../../var/folders/sy/rx7rv8kd1cq6pyxsdf6d723m0000gn/T/chromatic--84804-VxnZSqT4AUKs/[22m[2massets/[22m[36mContactSection.stories-ZgSV6q4J.js        [39m[1m[2m  7.14 kB[22m[1m[22m[2m │ gzip:   3.24 kB[22m
[2m../../../../var/folders/sy/rx7rv8kd1cq6pyxsdf6d723m0000gn/T/chromatic--84804-VxnZSqT4AUKs/[22m[2massets/[22m[36mBackendTechnology-vMViuwqq.js             [39m[1m[2m  7.52 kB[22m[1m[22m[2m │ gzip:   3.82 kB[22m
[2m../../../../var/folders/sy/rx7rv8kd1cq6pyxsdf6d723m0000gn/T/chromatic--84804-VxnZSqT4AUKs/[22m[2massets/[22m[36mpreview-DY_pW_WS.js                       [39m[1m[2m  7.62 kB[22m[1m[22m[2m │ gzip:   1.56 kB[22m
[2m../../../../var/folders/sy/rx7rv8kd1cq6pyxsdf6d723m0000gn/T/chromatic--84804-VxnZSqT4AUKs/[22m[2massets/[22m[36mpreview-CFgKly6U.js                       [39m[1m[2m  8.12 kB[22m[1m[22m[2m │ gzip:   3.10 kB[22m
[2m../../../../var/folders/sy/rx7rv8kd1cq6pyxsdf6d723m0000gn/T/chromatic--84804-VxnZSqT4AUKs/[22m[2massets/[22m[36mprops-CyO861YI.js                         [39m[1m[2m 10.90 kB[22m[1m[22m[2m │ gzip:   4.58 kB[22m
[2m../../../../var/folders/sy/rx7rv8kd1cq6pyxsdf6d723m0000gn/T/chromatic--84804-VxnZSqT4AUKs/[22m[2massets/[22m[36mruntime-JnvkCscd.js                       [39m[1m[2m 12.50 kB[22m[1m[22m[2m │ gzip:   5.03 kB[22m
[2m../../../../var/folders/sy/rx7rv8kd1cq6pyxsdf6d723m0000gn/T/chromatic--84804-VxnZSqT4AUKs/[22m[2massets/[22m[36mFrameworks-Ia8mGKny.js                    [39m[1m[2m 13.58 kB[22m[1m[22m[2m │ gzip:   9.28 kB[22m
[2m../../../../var/folders/sy/rx7rv8kd1cq6pyxsdf6d723m0000gn/T/chromatic--84804-VxnZSqT4AUKs/[22m[2massets/[22m[36mcreate-runtime-stories-DKCoQbfY.js        [39m[1m[2m 14.75 kB[22m[1m[22m[2m │ gzip:   5.48 kB[22m
[2m../../../../var/folders/sy/rx7rv8kd1cq6pyxsdf6d723m0000gn/T/chromatic--84804-VxnZSqT4AUKs/[22m[2massets/[22m[36mSelect-CsRf5eJU.js                        [39m[1m[2m 14.78 kB[22m[1m[22m[2m │ gzip:   7.22 kB[22m
[2m../../../../var/folders/sy/rx7rv8kd1cq6pyxsdf6d723m0000gn/T/chromatic--84804-VxnZSqT4AUKs/[22m[2massets/[22m[36mDonutChart-DjniaM27.js                    [39m[1m[2m 17.41 kB[22m[1m[22m[2m │ gzip:   7.08 kB[22m
[2m../../../../var/folders/sy/rx7rv8kd1cq6pyxsdf6d723m0000gn/T/chromatic--84804-VxnZSqT4AUKs/[22m[2massets/[22m[36mConfigure-Bzo61iAB.js                     [39m[1m[2m 27.47 kB[22m[1m[22m[2m │ gzip:  11.68 kB[22m
[2m../../../../var/folders/sy/rx7rv8kd1cq6pyxsdf6d723m0000gn/T/chromatic--84804-VxnZSqT4AUKs/[22m[2massets/[22m[36mColor-F6OSRLHC-BSuuO8Qu.js                [39m[1m[2m 29.29 kB[22m[1m[22m[2m │ gzip:  11.02 kB[22m
[2m../../../../var/folders/sy/rx7rv8kd1cq6pyxsdf6d723m0000gn/T/chromatic--84804-VxnZSqT4AUKs/[22m[2massets/[22m[36mtransform-DzNrXx7C.js                     [39m[1m[2m 36.92 kB[22m[1m[22m[2m │ gzip:  12.49 kB[22m
[2m../../../../var/folders/sy/rx7rv8kd1cq6pyxsdf6d723m0000gn/T/chromatic--84804-VxnZSqT4AUKs/[22m[2massets/[22m[36mBlockCode-B7Rnj9hH.js                     [39m[1m[2m 39.62 kB[22m[1m[22m[2m │ gzip:  14.66 kB[22m
[2m../../../../var/folders/sy/rx7rv8kd1cq6pyxsdf6d723m0000gn/T/chromatic--84804-VxnZSqT4AUKs/[22m[2massets/[22m[36mindex-BBo-_xnV.js                         [39m[1m[2m 49.10 kB[22m[1m[22m[2m │ gzip:  14.22 kB[22m
[2m../../../../var/folders/sy/rx7rv8kd1cq6pyxsdf6d723m0000gn/T/chromatic--84804-VxnZSqT4AUKs/[22m[2massets/[22m[36mContactForm-CTxN75kB.js                   [39m[1m[2m 51.36 kB[22m[1m[22m[2m │ gzip:  17.11 kB[22m
[2m../../../../var/folders/sy/rx7rv8kd1cq6pyxsdf6d723m0000gn/T/chromatic--84804-VxnZSqT4AUKs/[22m[2massets/[22m[36mSmoothScroll.stories-CujRWIJG.js          [39m[1m[2m 60.39 kB[22m[1m[22m[2m │ gzip:  23.62 kB[22m
[2m../../../../var/folders/sy/rx7rv8kd1cq6pyxsdf6d723m0000gn/T/chromatic--84804-VxnZSqT4AUKs/[22m[2massets/[22m[36mindex-DaYL4gH5.js                         [39m[1m[2m 69.94 kB[22m[1m[22m[2m │ gzip:  27.70 kB[22m
[2m../../../../var/folders/sy/rx7rv8kd1cq6pyxsdf6d723m0000gn/T/chromatic--84804-VxnZSqT4AUKs/[22m[2massets/[22m[36mindex--Q4lLkXo.js                         [39m[1m[2m 83.65 kB[22m[1m[22m[2m │ gzip:  30.60 kB[22m
[2m../../../../var/folders/sy/rx7rv8kd1cq6pyxsdf6d723m0000gn/T/chromatic--84804-VxnZSqT4AUKs/[22m[2massets/[22m[36mNodeChart-BNdYGsVQ.js                     [39m[1m[2m 86.52 kB[22m[1m[22m[2m │ gzip:  20.64 kB[22m
[2m../../../../var/folders/sy/rx7rv8kd1cq6pyxsdf6d723m0000gn/T/chromatic--84804-VxnZSqT4AUKs/[22m[2massets/[22m[36mWhatsApp-CmY_EU5g.js                      [39m[1m[2m165.29 kB[22m[1m[22m[2m │ gzip:  40.65 kB[22m
[2m../../../../var/folders/sy/rx7rv8kd1cq6pyxsdf6d723m0000gn/T/chromatic--84804-VxnZSqT4AUKs/[22m[2massets/[22m[36miframe-Bsg1dDe4.js                        [39m[1m[2m199.70 kB[22m[1m[22m[2m │ gzip:  68.63 kB[22m
[2m../../../../var/folders/sy/rx7rv8kd1cq6pyxsdf6d723m0000gn/T/chromatic--84804-VxnZSqT4AUKs/[22m[2massets/[22m[36mentry-preview-p5zvLMyH.js                 [39m[1m[2m426.46 kB[22m[1m[22m[2m │ gzip: 107.50 kB[22m
[2m../../../../var/folders/sy/rx7rv8kd1cq6pyxsdf6d723m0000gn/T/chromatic--84804-VxnZSqT4AUKs/[22m[2massets/[22m[36mindex-Dvhd6Hl3.js                         [39m[1m[33m659.06 kB[39m[22m[2m │ gzip: 156.06 kB[22m
[2m../../../../var/folders/sy/rx7rv8kd1cq6pyxsdf6d723m0000gn/T/chromatic--84804-VxnZSqT4AUKs/[22m[2massets/[22m[36mindex-PCKSVVQD.js                         [39m[1m[33m930.81 kB[39m[22m[2m │ gzip: 288.15 kB[22m
[32m✓ built in 15.39s[39m
info => Preview built ([38;2;181;126;229m16 s[39m)
info => Output directory: /var/folders/sy/rx7rv8kd1cq6pyxsdf6d723m0000gn/T/chromatic--84804-VxnZSqT4AUKs
